<?xml version="1.0" encoding="UTF-8"?>
<testsuite xmlns:xsi="http://www.w3.org/2001/XMLSchema-instance" xsi:noNamespaceSchemaLocation="https://maven.apache.org/surefire/maven-surefire-plugin/xsd/surefire-test-report.xsd" name="one.digitalinnovation.parking.controller.ParkingControllerTest" time="21.676" tests="2" errors="0" skipped="0" failures="0">
  <properties>
[...]
</properties>
  <testcase name="whenCreateThenCheckIsCreated" classname="one.digitalinnovation.parking.controller.ParkingControllerTest" time="2.272"/>
  <testcase name="whenFindAllThenCheckResult" classname="one.digitalinnovation.parking.controller.ParkingControllerTest" time="0.227"/>
</testsuite>